<?xml version="1.0" encoding="UTF-8"?>
<!-- Generated by org.testng.reporters.JUnitReportReporter -->
<testsuite hostname="US-PF2HXKRR" name="PracticeMaven.MavenExample.SeleniumJavaTest" tests="2" failures="0" timestamp="16 Apr 2022 16:10:09 GMT" time="0.014" errors="0">
  <testcase name="WebTesting" time="0.001" classname="PracticeMaven.MavenExample.SeleniumJavaTest"/>
  <testcase name="WebBrowser" time="0.013" classname="PracticeMaven.MavenExample.SeleniumJavaTest"/>
</testsuite> <!-- PracticeMaven.MavenExample.SeleniumJavaTest -->
