<?xml version="1.0" encoding="UTF-8"?>
<!-- Generated by org.testng.reporters.JUnitReportReporter -->
<testsuite hostname="US-PF2HXKRR" name="PracticeMaven.MavenExample.ExtentReportExample" tests="1" failures="0" timestamp="20 Apr 2022 14:18:08 GMT" time="7.964" errors="0">
  <testcase name="InitialDemo" time="7.964" classname="PracticeMaven.MavenExample.ExtentReportExample"/>
</testsuite> <!-- PracticeMaven.MavenExample.ExtentReportExample -->
