<?xml version="1.0" encoding="UTF-8"?>
<!-- Generated by org.testng.reporters.JUnitReportReporter -->
<testsuite skipped="0" hostname="US-PF2HXKRR" name="PracticeMaven.MavenExample.RESTAPIAssuredTest" tests="2" failures="0" timestamp="2022-04-16T23:06:52 IST" time="0.006" errors="0">
  <testcase name="PostJira" time="0.006" classname="PracticeMaven.MavenExample.RESTAPIAssuredTest"/>
  <system-out/>
  <testcase name="deleteTwitter" time="0.000" classname="PracticeMaven.MavenExample.RESTAPIAssuredTest"/>
  <system-out/>
</testsuite> <!-- PracticeMaven.MavenExample.RESTAPIAssuredTest -->
