<?xml version="1.0" encoding="UTF-8"?>
<!-- Generated by org.testng.reporters.JUnitReportReporter -->
<testsuite skipped="0" hostname="US-PF2HXKRR" name="PracticeMaven.MavenExample.AppiumTest" tests="2" failures="0" timestamp="2022-04-16T23:06:52 IST" time="0.000" errors="0">
  <testcase name="NativeApp" time="0.000" classname="PracticeMaven.MavenExample.AppiumTest"/>
  <system-out/>
  <testcase name="iOSApp" time="0.000" classname="PracticeMaven.MavenExample.AppiumTest"/>
  <system-out/>
</testsuite> <!-- PracticeMaven.MavenExample.AppiumTest -->
